<?xml version="1.0" encoding="UTF-8"?>
<testng-results ignored="0" total="8" passed="7" failed="1" skipped="0">
  <reporter-output>
  </reporter-output>
  <suite started-at="2020-10-06T15:45:32 CEST" name="System Suite" finished-at="2020-10-06T15:49:40 CEST" duration-ms="247915">
    <groups>
    </groups>
    <test started-at="2020-10-06T15:45:32 CEST" name="System Tests" finished-at="2020-10-06T15:49:40 CEST" duration-ms="247915">
      <class name="com.tests.NavUsersTests">
        <test-method is-config="true" signature="openChrome()[pri:0, instance:com.tests.NavUsersTests@2b27cc70]" started-at="2020-10-06T15:48:27 CEST" name="openChrome" finished-at="2020-10-06T15:48:29 CEST" duration-ms="2662" status="PASS">
          <reporter-output>
          </reporter-output>
        </test-method> <!-- openChrome -->
        <test-method signature="testMethod()[pri:8, instance:com.tests.NavUsersTests@2b27cc70]" started-at="2020-10-06T15:48:29 CEST" name="testMethod" description="This test case tests if user can manage user page successfully" finished-at="2020-10-06T15:48:54 CEST" duration-ms="24434" status="PASS">
          <reporter-output>
          </reporter-output>
        </test-method> <!-- testMethod -->
        <test-method is-config="true" signature="cleanUp()[pri:0, instance:com.tests.NavUsersTests@2b27cc70]" started-at="2020-10-06T15:48:54 CEST" name="cleanUp" finished-at="2020-10-06T15:48:54 CEST" duration-ms="80" status="PASS">
          <reporter-output>
          </reporter-output>
        </test-method> <!-- cleanUp -->
      </class> <!-- com.tests.NavUsersTests -->
      <class name="com.tests.NavProfileTests">
        <test-method is-config="true" signature="openChrome()[pri:0, instance:com.tests.NavProfileTests@6f6a7463]" started-at="2020-10-06T15:48:54 CEST" name="openChrome" finished-at="2020-10-06T15:48:57 CEST" duration-ms="2533" status="PASS">
          <reporter-output>
          </reporter-output>
        </test-method> <!-- openChrome -->
        <test-method signature="testMethod()[pri:6, instance:com.tests.NavProfileTests@6f6a7463]" started-at="2020-10-06T15:48:57 CEST" name="testMethod" description="This test case tests if user manage profile page successfully" finished-at="2020-10-06T15:49:16 CEST" duration-ms="19939" status="PASS">
          <reporter-output>
          </reporter-output>
        </test-method> <!-- testMethod -->
        <test-method is-config="true" signature="cleanUp()[pri:0, instance:com.tests.NavProfileTests@6f6a7463]" started-at="2020-10-06T15:49:16 CEST" name="cleanUp" finished-at="2020-10-06T15:49:17 CEST" duration-ms="77" status="PASS">
          <reporter-output>
          </reporter-output>
        </test-method> <!-- cleanUp -->
      </class> <!-- com.tests.NavProfileTests -->
      <class name="com.tests.NavFileTests">
        <test-method is-config="true" signature="openChrome()[pri:0, instance:com.tests.NavFileTests@1cefc4b3]" started-at="2020-10-06T15:48:11 CEST" name="openChrome" finished-at="2020-10-06T15:48:13 CEST" duration-ms="2345" status="PASS">
          <reporter-output>
          </reporter-output>
        </test-method> <!-- openChrome -->
        <test-method signature="testMethod()[pri:5, instance:com.tests.NavFileTests@1cefc4b3]" started-at="2020-10-06T15:48:14 CEST" name="testMethod" description="This test case tests if user can navigate in file successfully" finished-at="2020-10-06T15:48:27 CEST" duration-ms="13175" status="FAIL">
          <exception class="org.openqa.selenium.ElementClickInterceptedException">
            <message>
              <![CDATA[element click intercepted: Element <span>...</span> is not clickable at point (168, 424). Other element would receive the click: <div aria-hidden="true" style="z-index: -1; position: fixed; right: 0px; bottom: 0px; top: 0px; left: 0px; background-color: rgba(0, 0, 0, 0.5); -webkit-tap-highlight-color: transparent;"></div>
  (Session info: chrome=85.0.4183.121)
Build info: version: '3.141.59', revision: 'e82be7d358', time: '2018-11-14T08:17:03'
System info: host: 'Blerons-iMac.local', ip: '192.168.0.103', os.name: 'Mac OS X', os.arch: 'x86_64', os.version: '10.15.6', java.version: '14.0.1'
Driver info: org.openqa.selenium.chrome.ChromeDriver
Capabilities {acceptInsecureCerts: false, browserName: chrome, browserVersion: 85.0.4183.121, chrome: {chromedriverVersion: 85.0.4183.87 (cd6713ebf92fa..., userDataDir: /var/folders/k2/ql842xwj4gq...}, goog:chromeOptions: {debuggerAddress: localhost:61093}, javascriptEnabled: true, networkConnectionEnabled: false, pageLoadStrategy: normal, platform: MAC, platformName: MAC, proxy: Proxy(), setWindowRect: true, strictFileInteractability: false, timeouts: {implicit: 0, pageLoad: 300000, script: 30000}, unhandledPromptBehavior: dismiss and notify, webauthn:virtualAuthenticators: true}
Session ID: 289830ddef1820ea80d1d587423ce7a8]]>
            </message>
            <full-stacktrace>
              <![CDATA[org.openqa.selenium.ElementClickInterceptedException: element click intercepted: Element <span>...</span> is not clickable at point (168, 424). Other element would receive the click: <div aria-hidden="true" style="z-index: -1; position: fixed; right: 0px; bottom: 0px; top: 0px; left: 0px; background-color: rgba(0, 0, 0, 0.5); -webkit-tap-highlight-color: transparent;"></div>
  (Session info: chrome=85.0.4183.121)
Build info: version: '3.141.59', revision: 'e82be7d358', time: '2018-11-14T08:17:03'
System info: host: 'Blerons-iMac.local', ip: '192.168.0.103', os.name: 'Mac OS X', os.arch: 'x86_64', os.version: '10.15.6', java.version: '14.0.1'
Driver info: org.openqa.selenium.chrome.ChromeDriver
Capabilities {acceptInsecureCerts: false, browserName: chrome, browserVersion: 85.0.4183.121, chrome: {chromedriverVersion: 85.0.4183.87 (cd6713ebf92fa..., userDataDir: /var/folders/k2/ql842xwj4gq...}, goog:chromeOptions: {debuggerAddress: localhost:61093}, javascriptEnabled: true, networkConnectionEnabled: false, pageLoadStrategy: normal, platform: MAC, platformName: MAC, proxy: Proxy(), setWindowRect: true, strictFileInteractability: false, timeouts: {implicit: 0, pageLoad: 300000, script: 30000}, unhandledPromptBehavior: dismiss and notify, webauthn:virtualAuthenticators: true}
Session ID: 289830ddef1820ea80d1d587423ce7a8
at java.base/jdk.internal.reflect.NativeConstructorAccessorImpl.newInstance0(Native Method)
at java.base/jdk.internal.reflect.NativeConstructorAccessorImpl.newInstance(NativeConstructorAccessorImpl.java:62)
at java.base/jdk.internal.reflect.DelegatingConstructorAccessorImpl.newInstance(DelegatingConstructorAccessorImpl.java:45)
at java.base/java.lang.reflect.Constructor.newInstanceWithCaller(Constructor.java:500)
at java.base/java.lang.reflect.Constructor.newInstance(Constructor.java:481)
at org.openqa.selenium.remote.http.W3CHttpResponseCodec.createException(W3CHttpResponseCodec.java:187)
at org.openqa.selenium.remote.http.W3CHttpResponseCodec.decode(W3CHttpResponseCodec.java:122)
at org.openqa.selenium.remote.http.W3CHttpResponseCodec.decode(W3CHttpResponseCodec.java:49)
at org.openqa.selenium.remote.HttpCommandExecutor.execute(HttpCommandExecutor.java:158)
at org.openqa.selenium.remote.service.DriverCommandExecutor.execute(DriverCommandExecutor.java:83)
at org.openqa.selenium.remote.RemoteWebDriver.execute(RemoteWebDriver.java:552)
at org.openqa.selenium.remote.RemoteWebElement.execute(RemoteWebElement.java:285)
at org.openqa.selenium.remote.RemoteWebElement.click(RemoteWebElement.java:84)
at com.implementation.NavFileImpl.filePage(NavFileImpl.java:43)
at com.tests.NavFileTests.testMethod(NavFileTests.java:24)
at java.base/jdk.internal.reflect.NativeMethodAccessorImpl.invoke0(Native Method)
at java.base/jdk.internal.reflect.NativeMethodAccessorImpl.invoke(NativeMethodAccessorImpl.java:62)
at java.base/jdk.internal.reflect.DelegatingMethodAccessorImpl.invoke(DelegatingMethodAccessorImpl.java:43)
at java.base/java.lang.reflect.Method.invoke(Method.java:564)
at org.testng.internal.MethodInvocationHelper.invokeMethod(MethodInvocationHelper.java:133)
at org.testng.internal.TestInvoker.invokeMethod(TestInvoker.java:584)
at org.testng.internal.TestInvoker.invokeTestMethod(TestInvoker.java:172)
at org.testng.internal.MethodRunner.runInSequence(MethodRunner.java:46)
at org.testng.internal.TestInvoker$MethodInvocationAgent.invoke(TestInvoker.java:804)
at org.testng.internal.TestInvoker.invokeTestMethods(TestInvoker.java:145)
at org.testng.internal.TestMethodWorker.invokeTestMethods(TestMethodWorker.java:146)
at org.testng.internal.TestMethodWorker.run(TestMethodWorker.java:128)
at java.base/java.util.ArrayList.forEach(ArrayList.java:1510)
at org.testng.TestRunner.privateRun(TestRunner.java:770)
at org.testng.TestRunner.run(TestRunner.java:591)
at org.testng.SuiteRunner.runTest(SuiteRunner.java:402)
at org.testng.SuiteRunner.runSequentially(SuiteRunner.java:396)
at org.testng.SuiteRunner.privateRun(SuiteRunner.java:355)
at org.testng.SuiteRunner.run(SuiteRunner.java:304)
at org.testng.SuiteRunnerWorker.runSuite(SuiteRunnerWorker.java:53)
at org.testng.SuiteRunnerWorker.run(SuiteRunnerWorker.java:96)
at org.testng.TestNG.runSuitesSequentially(TestNG.java:1180)
at org.testng.TestNG.runSuitesLocally(TestNG.java:1102)
at org.testng.TestNG.runSuites(TestNG.java:1032)
at org.testng.TestNG.run(TestNG.java:1000)
at org.apache.maven.surefire.testng.TestNGExecutor.run(TestNGExecutor.java:283)
at org.apache.maven.surefire.testng.TestNGXmlTestSuite.execute(TestNGXmlTestSuite.java:75)
at org.apache.maven.surefire.testng.TestNGProvider.invoke(TestNGProvider.java:120)
at org.apache.maven.surefire.booter.ForkedBooter.invokeProviderInSameClassLoader(ForkedBooter.java:384)
at org.apache.maven.surefire.booter.ForkedBooter.runSuitesInProcess(ForkedBooter.java:345)
at org.apache.maven.surefire.booter.ForkedBooter.execute(ForkedBooter.java:126)
at org.apache.maven.surefire.booter.ForkedBooter.main(ForkedBooter.java:418)
]]>
            </full-stacktrace>
          </exception> <!-- org.openqa.selenium.ElementClickInterceptedException -->
          <reporter-output>
          </reporter-output>
        </test-method> <!-- testMethod -->
        <test-method is-config="true" signature="cleanUp()[pri:0, instance:com.tests.NavFileTests@1cefc4b3]" started-at="2020-10-06T15:48:27 CEST" name="cleanUp" finished-at="2020-10-06T15:48:27 CEST" duration-ms="134" status="PASS">
          <reporter-output>
          </reporter-output>
        </test-method> <!-- cleanUp -->
      </class> <!-- com.tests.NavFileTests -->
      <class name="com.tests.SideManagementTests">
        <test-method is-config="true" signature="openChrome()[pri:0, instance:com.tests.SideManagementTests@1deb2c43]" started-at="2020-10-06T15:45:58 CEST" name="openChrome" finished-at="2020-10-06T15:46:01 CEST" duration-ms="2877" status="PASS">
          <reporter-output>
          </reporter-output>
        </test-method> <!-- openChrome -->
        <test-method signature="testMethod()[pri:2, instance:com.tests.SideManagementTests@1deb2c43]" started-at="2020-10-06T15:46:01 CEST" name="testMethod" description="This test is for Management Page" finished-at="2020-10-06T15:47:12 CEST" duration-ms="71272" status="PASS">
          <reporter-output>
          </reporter-output>
        </test-method> <!-- testMethod -->
        <test-method is-config="true" signature="cleanUp()[pri:0, instance:com.tests.SideManagementTests@1deb2c43]" started-at="2020-10-06T15:47:12 CEST" name="cleanUp" finished-at="2020-10-06T15:47:13 CEST" duration-ms="95" status="PASS">
          <reporter-output>
          </reporter-output>
        </test-method> <!-- cleanUp -->
      </class> <!-- com.tests.SideManagementTests -->
      <class name="com.tests.NavSettingsTests">
        <test-method is-config="true" signature="openChrome()[pri:0, instance:com.tests.NavSettingsTests@1bdaa23d]" started-at="2020-10-06T15:49:17 CEST" name="openChrome" finished-at="2020-10-06T15:49:20 CEST" duration-ms="3720" status="PASS">
          <reporter-output>
          </reporter-output>
        </test-method> <!-- openChrome -->
        <test-method signature="testMethod()[pri:7, instance:com.tests.NavSettingsTests@1bdaa23d]" started-at="2020-10-06T15:49:20 CEST" name="testMethod" description="This Test case tests if user can use settings successfully" finished-at="2020-10-06T15:49:40 CEST" duration-ms="19552" status="PASS">
          <reporter-output>
          </reporter-output>
        </test-method> <!-- testMethod -->
        <test-method is-config="true" signature="cleanUp()[pri:0, instance:com.tests.NavSettingsTests@1bdaa23d]" started-at="2020-10-06T15:49:40 CEST" name="cleanUp" finished-at="2020-10-06T15:49:40 CEST" duration-ms="80" status="PASS">
          <reporter-output>
          </reporter-output>
        </test-method> <!-- cleanUp -->
      </class> <!-- com.tests.NavSettingsTests -->
      <class name="com.tests.NavDepartmentsTests">
        <test-method is-config="true" signature="openChrome()[pri:0, instance:com.tests.NavDepartmentsTests@42deb43a]" started-at="2020-10-06T15:45:44 CEST" name="openChrome" finished-at="2020-10-06T15:45:49 CEST" duration-ms="4441" status="PASS">
          <reporter-output>
          </reporter-output>
        </test-method> <!-- openChrome -->
        <test-method signature="testMethod()[pri:4, instance:com.tests.NavDepartmentsTests@42deb43a]" started-at="2020-10-06T15:45:49 CEST" name="testMethod" description="This test case tests if user can navigate in Department successfully" finished-at="2020-10-06T15:45:58 CEST" duration-ms="9304" status="PASS">
          <reporter-output>
          </reporter-output>
        </test-method> <!-- testMethod -->
        <test-method is-config="true" signature="cleanUp()[pri:0, instance:com.tests.NavDepartmentsTests@42deb43a]" started-at="2020-10-06T15:45:58 CEST" name="cleanUp" finished-at="2020-10-06T15:45:58 CEST" duration-ms="78" status="PASS">
          <reporter-output>
          </reporter-output>
        </test-method> <!-- cleanUp -->
      </class> <!-- com.tests.NavDepartmentsTests -->
      <class name="com.tests.LoginTests">
        <test-method is-config="true" signature="openChrome()[pri:0, instance:com.tests.LoginTests@6058e535]" started-at="2020-10-06T15:45:32 CEST" name="openChrome" finished-at="2020-10-06T15:45:37 CEST" duration-ms="4801" status="PASS">
          <reporter-output>
          </reporter-output>
        </test-method> <!-- openChrome -->
        <test-method signature="testMethod()[pri:1, instance:com.tests.LoginTests@6058e535]" started-at="2020-10-06T15:45:37 CEST" name="testMethod" description="This test case tests if user can Login successfully" finished-at="2020-10-06T15:45:44 CEST" duration-ms="6853" status="PASS">
          <reporter-output>
          </reporter-output>
        </test-method> <!-- testMethod -->
        <test-method is-config="true" signature="cleanUp()[pri:0, instance:com.tests.LoginTests@6058e535]" started-at="2020-10-06T15:45:44 CEST" name="cleanUp" finished-at="2020-10-06T15:45:44 CEST" duration-ms="528" status="PASS">
          <reporter-output>
          </reporter-output>
        </test-method> <!-- cleanUp -->
      </class> <!-- com.tests.LoginTests -->
      <class name="com.tests.SideChatPageTests">
        <test-method is-config="true" signature="openChrome()[pri:0, instance:com.tests.SideChatPageTests@3bb9efbc]" started-at="2020-10-06T15:47:13 CEST" name="openChrome" finished-at="2020-10-06T15:47:15 CEST" duration-ms="2606" status="PASS">
          <reporter-output>
          </reporter-output>
        </test-method> <!-- openChrome -->
        <test-method signature="testMethod()[pri:3, instance:com.tests.SideChatPageTests@3bb9efbc]" started-at="2020-10-06T15:47:15 CEST" name="testMethod" description="This test case tests if user can speak successfully in chat" finished-at="2020-10-06T15:48:11 CEST" duration-ms="55955" status="PASS">
          <reporter-output>
          </reporter-output>
        </test-method> <!-- testMethod -->
        <test-method is-config="true" signature="cleanUp()[pri:0, instance:com.tests.SideChatPageTests@3bb9efbc]" started-at="2020-10-06T15:48:11 CEST" name="cleanUp" finished-at="2020-10-06T15:48:11 CEST" duration-ms="79" status="PASS">
          <reporter-output>
          </reporter-output>
        </test-method> <!-- cleanUp -->
      </class> <!-- com.tests.SideChatPageTests -->
    </test> <!-- System Tests -->
  </suite> <!-- System Suite -->
</testng-results>
